{
  "RSpec": {
    "coverage": {
      "/Volumes/USB Extension/Home/Development/Tutorials/ember_official/super-rentals-api/config/environment.rb": [
        null,
        1,
        null,
        null,
        1
      ],
      "/Volumes/USB Extension/Home/Development/Tutorials/ember_official/super-rentals-api/config/application.rb": [
        1,
        null,
        1,
        null,
        1,
        1,
        1,
        1,
        1,
        1,
        1,
        null,
        null,
        null,
        null,
        1,
        null,
        1,
        null,
        1,
        null,
        null,
        null,
        null,
        null,
        null,
        null,
        null,
        null,
        null,
        null,
        null,
        null,
        1,
        null,
        null
      ],
      "/Volumes/USB Extension/Home/Development/Tutorials/ember_official/super-rentals-api/config/boot.rb": [
        1,
        null,
        1
      ],
      "/Volumes/USB Extension/Home/Development/Tutorials/ember_official/super-rentals-api/config/environments/test.rb": [
        1,
        null,
        null,
        null,
        null,
        null,
        null,
        1,
        null,
        null,
        null,
        null,
        1,
        null,
        null,
        1,
        1,
        null,
        null,
        1,
        1,
        null,
        null,
        1,
        null,
        null,
        1,
        null,
        null,
        null,
        null,
        1,
        null,
        null,
        1,
        null,
        null,
        1,
        null,
        null,
        null,
        null
      ],
      "/Volumes/USB Extension/Home/Development/Tutorials/ember_official/super-rentals-api/config/initializers/apitome.rb": [
        1,
        null,
        null,
        null,
        1,
        null,
        null,
        null,
        1,
        null,
        null,
        null,
        1,
        null,
        null,
        1,
        null,
        null,
        null,
        1,
        null,
        null,
        null,
        null,
        1,
        null,
        null,
        null,
        1,
        null,
        null,
        null,
        1,
        null,
        null,
        null,
        1,
        null,
        null,
        null,
        1,
        null
      ],
      "/Volumes/USB Extension/Home/Development/Tutorials/ember_official/super-rentals-api/config/initializers/assets.rb": [
        null,
        null,
        null,
        1,
        null,
        null,
        null,
        null,
        null,
        null,
        null
      ],
      "/Volumes/USB Extension/Home/Development/Tutorials/ember_official/super-rentals-api/config/initializers/backtrace_silencers.rb": [
        null,
        null,
        null,
        null,
        null,
        null,
        null
      ],
      "/Volumes/USB Extension/Home/Development/Tutorials/ember_official/super-rentals-api/config/initializers/cookies_serializer.rb": [
        null,
        null,
        1
      ],
      "/Volumes/USB Extension/Home/Development/Tutorials/ember_official/super-rentals-api/config/initializers/filter_parameter_logging.rb": [
        null,
        null,
        null,
        1
      ],
      "/Volumes/USB Extension/Home/Development/Tutorials/ember_official/super-rentals-api/config/initializers/inflections.rb": [
        null,
        null,
        null,
        null,
        null,
        null,
        null,
        null,
        null,
        null,
        null,
        null,
        null,
        null,
        null,
        null
      ],
      "/Volumes/USB Extension/Home/Development/Tutorials/ember_official/super-rentals-api/config/initializers/jsonapi.rb": [
        1,
        null,
        1,
        null,
        null,
        1,
        null,
        null,
        1,
        null,
        null,
        1,
        null,
        null,
        1,
        1,
        1,
        null,
        null,
        null,
        null,
        null,
        1,
        null,
        null,
        1,
        null,
        null,
        1,
        null,
        1,
        1,
        null,
        null,
        1,
        1,
        null,
        1,
        null,
        null,
        null,
        null,
        null,
        null,
        null,
        null,
        1,
        null,
        null,
        null,
        null,
        1,
        null
      ],
      "/Volumes/USB Extension/Home/Development/Tutorials/ember_official/super-rentals-api/config/initializers/mime_types.rb": [
        null,
        null,
        null,
        null
      ],
      "/Volumes/USB Extension/Home/Development/Tutorials/ember_official/super-rentals-api/config/initializers/session_store.rb": [
        null,
        null,
        1
      ],
      "/Volumes/USB Extension/Home/Development/Tutorials/ember_official/super-rentals-api/config/initializers/wrap_parameters.rb": [
        null,
        null,
        null,
        null,
        null,
        null,
        1,
        1,
        null,
        null,
        null,
        null,
        null,
        null
      ],
      "/Volumes/USB Extension/Home/Development/Tutorials/ember_official/super-rentals-api/config/routes.rb": [
        1,
        1,
        1,
        1,
        1,
        1,
        null,
        null
      ],
      "/Volumes/USB Extension/Home/Development/Tutorials/ember_official/super-rentals-api/app/resources/v1/landlord_resource.rb": [
        1,
        null,
        1,
        1,
        null,
        1,
        null,
        1,
        1,
        2,
        null,
        null,
        1,
        null,
        null,
        null
      ],
      "/Volumes/USB Extension/Home/Development/Tutorials/ember_official/super-rentals-api/app/resources/v1/base_resource.rb": [
        1,
        null,
        1,
        1,
        null,
        1,
        1,
        8,
        null,
        1,
        null,
        null,
        1,
        28,
        null,
        null,
        null
      ],
      "/Volumes/USB Extension/Home/Development/Tutorials/ember_official/super-rentals-api/app/models/landlord.rb": [
        null,
        1,
        1,
        null,
        1,
        1,
        1,
        null
      ],
      "/Volumes/USB Extension/Home/Development/Tutorials/ember_official/super-rentals-api/app/resources/v1/rental_resource.rb": [
        1,
        null,
        1,
        1,
        null,
        1,
        1,
        1,
        null,
        null
      ],
      "/Volumes/USB Extension/Home/Development/Tutorials/ember_official/super-rentals-api/app/models/rental.rb": [
        null,
        1,
        1,
        1,
        1,
        null,
        1,
        null,
        1,
        1,
        1,
        1,
        1,
        1,
        null,
        1,
        2,
        null,
        null,
        1,
        2,
        null,
        null,
        1,
        2,
        null,
        null,
        1,
        4,
        null,
        1,
        null,
        1,
        null,
        1,
        null,
        1,
        null,
        null,
        null
      ],
      "/Volumes/USB Extension/Home/Development/Tutorials/ember_official/super-rentals-api/app/resources/v1/property_type_resource.rb": [
        1,
        null,
        1,
        1,
        null,
        1,
        null,
        1,
        1,
        2,
        null,
        null,
        1,
        null,
        null,
        null
      ],
      "/Volumes/USB Extension/Home/Development/Tutorials/ember_official/super-rentals-api/app/models/property_type.rb": [
        null,
        1,
        1,
        null,
        1,
        null
      ],
      "/Volumes/USB Extension/Home/Development/Tutorials/ember_official/super-rentals-api/app/resources/v1/rental_state_resource.rb": [
        1,
        null,
        1,
        1,
        null,
        1,
        null,
        1,
        1,
        2,
        null,
        null,
        1,
        null,
        null,
        null
      ],
      "/Volumes/USB Extension/Home/Development/Tutorials/ember_official/super-rentals-api/app/models/rental_state.rb": [
        null,
        1,
        1,
        null,
        1,
        null
      ],
      "/Volumes/USB Extension/Home/Development/Tutorials/ember_official/super-rentals-api/app/controllers/v1/landlords_controller.rb": [
        1,
        1,
        null,
        null
      ],
      "/Volumes/USB Extension/Home/Development/Tutorials/ember_official/super-rentals-api/app/controllers/application_controller.rb": [
        null,
        null,
        null,
        1,
        null,
        null,
        1,
        null
      ],
      "/Volumes/USB Extension/Home/Development/Tutorials/ember_official/super-rentals-api/app/controllers/v1/property_types_controller.rb": [
        1,
        1,
        null,
        null
      ],
      "/Volumes/USB Extension/Home/Development/Tutorials/ember_official/super-rentals-api/app/controllers/v1/rentals_controller.rb": [
        1,
        1,
        null,
        null
      ],
      "/Volumes/USB Extension/Home/Development/Tutorials/ember_official/super-rentals-api/app/controllers/v1/rental_states_controller.rb": [
        1,
        1,
        null,
        null
      ]
    },
    "timestamp": 1452883224
  }
}
